===============================================
LightGBM Strong Scaling Performance Test Log
运行时间: 2025年 06月 04日 星期三 02:33:15 CEST
项目根: /home/yifan/桌面/CHPS_M1/ppn重启/6-3/Decision-tree
===============================================
PROJECT_ROOT=/home/yifan/桌面/CHPS_M1/ppn重启/6-3/Decision-tree
物理核心数 (排除超线程)：4，已设置 OMP_NUM_THREADS=4
===============================================
    LightGBM Strong Scaling Performance Test    
===============================================
Fixed Parameters:
  Iterations: 100 | Learning Rate: 0.1
  Num Leaves: 31 | Min Data in Leaf: 20
  Split Method: histogram_eq:64
  Data: cleaned_data.csv

Threads | Elapsed(ms) | TestMSE    | TestMAE    | Trees      | LGB/sec
--------|-------------|------------|------------|------------|----------
      1 |        3936 | 0.000116   | 0.005593   | 100        | 25.40
      2 |        2466 | 0.000115   | 0.005559   | 100        | 40.55
      4 |        3158 | 0.000117   | 0.005657   | 100        | 31.66

===============================================
Strong Scaling Analysis:
- 理想: 线性加速，时间反比于线程数
- 关注点: TestMSE 保持稳定，Elapsed 时间下降
- 效率 = (串行时间 / 并行时间) / 线程数
- LightGBM 特有: GOSS和EFB优化对并行性能的影响
===============================================
