===============================================
LightGBM Weak Scaling Performance Test Log
运行时间: 2025年 06月 04日 星期三 02:36:34 CEST
项目根: /home/yifan/桌面/CHPS_M1/ppn重启/6-3/Decision-tree
===============================================
PROJECT_ROOT=/home/yifan/桌面/CHPS_M1/ppn重启/6-3/Decision-tree
物理核心数 (排除超线程)：4，已设置 OMP_NUM_THREADS=4
总行数 (不含 header): 14795，物理核数: 4，基准行数 BASE=3698
===============================================
    LightGBM Weak Scaling Performance Test     
===============================================
Fixed Parameters (per thread):
  Iterations: 100 | Learning Rate: 0.1
  Num Leaves: 31 | Min Data in Leaf: 20
  Split Method: histogram_eq:64
  Base rows per thread: 3698

Threads | SubsetRows | Elapsed(ms) | TestMSE    | TestMAE    | Trees      | Efficiency
--------|------------|-------------|------------|------------|------------|----------
      1 |       3698 |        3620 | 0.000166   | 0.007596   | 100        | 1.00
      2 |       7396 |        2349 | 0.000145   | 0.006801   | 100        | 1.54
      4 |      14792 |        2588 | 0.000113   | 0.005554   | 100        | 1.39

===============================================
Weak Scaling Analysis:
- 理想: 随着线程数增加，处理更多数据但时间保持恒定
- 效率 = 单线程时间 / 当前时间
- 关注点: 效率接近1.0表示良好的 weak scaling
- 数据量按线程数线性增长，计算复杂度也线性增长
- LightGBM 特点: GOSS采样对大数据集的扩展性影响
===============================================
