===============================================
LightGBM Strong Scaling Performance Test Log
运行时间: 2025年 06月 04日 星期三 13:51:36 CEST
项目根: /home/yifan/桌面/CHPS_M1/ppn重启/6-4优化/1main分支提取2头文件修改/Decision-tree
===============================================
PROJECT_ROOT=/home/yifan/桌面/CHPS_M1/ppn重启/6-4优化/1main分支提取2头文件修改/Decision-tree
物理核心数 (排除超线程)：4，已设置 OMP_NUM_THREADS=4
===============================================
    LightGBM Strong Scaling Performance Test    
===============================================
Fixed Parameters:
  Iterations: 100 | Learning Rate: 0.1
  Num Leaves: 31 | Min Data in Leaf: 20
  Split Method: histogram_eq:64
  Data: cleaned_data.csv

Threads | Elapsed(ms) | TestMSE    | TestMAE    | Trees      | LGB/sec
--------|-------------|------------|------------|------------|----------
      1 |        5436 | 0.000116   | 0.005593   | 100        | 18.39
      2 |        3008 | 0.000121   | 0.005717   | 100        | 33.24
      4 |        1727 | 0.000120   | 0.005671   | 100        | 57.90

===============================================
Strong Scaling Analysis:
- 理想: 线性加速，时间反比于线程数
- 关注点: TestMSE 保持稳定，Elapsed 时间下降
- 效率 = (串行时间 / 并行时间) / 线程数
- LightGBM 特有: GOSS和EFB优化对并行性能的影响
===============================================
