===============================================
GBRT DART Strong Scaling Performance Test Log
运行时间: 2025年 06月 04日 星期三 02:22:23 CEST
项目根: /home/yifan/桌面/CHPS_M1/ppn重启/6-3/Decision-tree
===============================================
PROJECT_ROOT=/home/yifan/桌面/CHPS_M1/ppn重启/6-3/Decision-tree
物理核心数 (排除超线程)：4，已设置 OMP_NUM_THREADS=4
检测到可执行文件：/home/yifan/桌面/CHPS_M1/ppn重启/6-3/Decision-tree/build/DecisionTreeMain
===============================================
   GBRT DART Strong Scaling Performance Test   
===============================================
Fixed Parameters:
  Loss: squared | Iterations: 30
  Learning Rate: 0.1 | Max Depth: 4
  Min Leaf: 1 | Criterion: mse
  Split Method: exhaustive | Subsample: 1.0
  DART: enabled | Drop Rate: 0.15
  Normalize: false | Skip Drop: false
  Data: cleaned_data.csv

Threads | Elapsed(ms) | TestMSE    | TrainTime  | Trees/sec | Efficiency
--------|-------------|------------|------------|-----------|----------
