===============================================
GBRT DART Strong Scaling Performance Test Log
运行时间: 2025年 06月 04日 星期三 23:50:32 CEST
项目根: /home/yifan/桌面/CHPS_M1/ppn重启/6-4优化/6并行优化/Decision-tree
===============================================
PROJECT_ROOT=/home/yifan/桌面/CHPS_M1/ppn重启/6-4优化/6并行优化/Decision-tree
物理核心数 (排除超线程)：4，已设置 OMP_NUM_THREADS=4
===============================================
   GBRT DART Strong Scaling Performance Test   
===============================================
Fixed Parameters:
  Loss: squared | Iterations: 30
  Learning Rate: 0.1 | Max Depth: 4
  Min Leaf: 1 | Criterion: mse
  Split Method: exhaustive | Subsample: 1.0
  DART: enabled | Drop Rate: 0.15
  Normalize: false | Skip Drop: false
  Data: cleaned_data.csv

Threads | Elapsed(ms) | TestMSE    | TrainTime  | Trees/sec | Efficiency
--------|-------------|------------|------------|-----------|----------
      1 |        1066 | 0.000239   | 1023ms     | 28.14     | 1.00
      2 |        1084 | 0.000239   | 1049ms     | 27.67     | .49
      4 |         403 | 0.000239   | 363ms      | 74.44     | .66

===============================================
DART Strong Scaling Analysis:
- 理想: 线性加速，时间反比于线程数
- 关注点: TestMSE 保持稳定，Elapsed 时间下降
- 效率 = (串行时间 / 并行时间) / 线程数

DART特有特性:
- Dropout操作增加额外计算开销
- 权重更新可能成为串行瓶颈
- 树间依赖性限制并行效果
- 预期效率略低于标准GBRT (0.6-0.8)
===============================================
