===============================================
Bagging Strong Scaling Performance Test Log
运行时间: 2025年 06月 03日 星期二 20:44:12 CEST
项目根: /home/yifan/桌面/CHPS_M1/ppn重启/6-3/Decision-tree
===============================================
PROJECT_ROOT=/home/yifan/桌面/CHPS_M1/ppn重启/6-3/Decision-tree
物理核心数 (排除超线程)：4，已设置 OMP_NUM_THREADS=4
检测到可执行文件：/home/yifan/桌面/CHPS_M1/ppn重启/6-3/Decision-tree/build/DecisionTreeMain
===============================================
    Bagging Strong Scaling Performance Test    
===============================================
Fixed Parameters:
  Trees: 20 | Sample Ratio: 1.0
  Max Depth: 10 | Min Leaf: 2
  Criterion: mse | Finder: exhaustive
  Data: cleaned_data.csv

Threads | Elapsed(ms) | TestMSE    | TestMAE    | OOB_MSE    | Trees/sec
--------|-------------|------------|------------|------------|----------
      1 |        2141 | 0.000176   | 0.006816   | 0.000196   | 9.34
      2 |        1072 | 0.000178   | 0.006864   | 0.000188   | 18.65
      4 |         564 | 0.000180   | 0.006935   | 0.000194   | 35.46

===============================================
Strong Scaling Analysis:
- 理想: 线性加速，时间反比于线程数
- 关注点: TestMSE 保持稳定，Elapsed 时间下降
- 效率 = (串行时间 / 并行时间) / 线程数
===============================================
