===============================================
GBRT Strong Scaling Performance Test Log
运行时间: 2025年 06月 04日 星期三 13:57:50 CEST
项目根: /home/yifan/桌面/CHPS_M1/ppn重启/6-4优化/1main分支提取2头文件修改/Decision-tree
===============================================
PROJECT_ROOT=/home/yifan/桌面/CHPS_M1/ppn重启/6-4优化/1main分支提取2头文件修改/Decision-tree
物理核心数 (排除超线程)：4，已设置 OMP_NUM_THREADS=4
===============================================
    GBRT Strong Scaling Performance Test    
===============================================
Fixed Parameters:
  Loss: squared | Iterations: 30
  Learning Rate: 0.1 | Max Depth: 4
  Min Leaf: 1 | Criterion: mse
  Split Method: exhaustive | Subsample: 1.0
  Data: cleaned_data.csv

Threads | Elapsed(ms) | TestMSE    | TrainTime  | Trees/sec
--------|-------------|------------|------------|----------
      1 |        1479 | 0.000234   | 1411ms     | 20.28
      2 |        1466 | 0.000234   | 1406ms     | 20.46
      4 |         941 | 0.000234   | 877ms      | 31.88

===============================================
Strong Scaling Analysis:
- 理想: 线性加速，时间反比于线程数
- 关注点: TestMSE 保持稳定，Elapsed 时间下降
- 效率 = (串行时间 / 并行时间) / 线程数
- GBRT特点: 树构建具有数据依赖性，并行效果有限
===============================================
