===============================================
XGBoost Strong Scaling Performance Test Log
运行时间: 2025年 06月 04日 星期三 02:23:19 CEST
项目根: /home/yifan/桌面/CHPS_M1/ppn重启/6-3/Decision-tree
===============================================
PROJECT_ROOT=/home/yifan/桌面/CHPS_M1/ppn重启/6-3/Decision-tree
物理核心数 (排除超线程)：4，已设置 OMP_NUM_THREADS=4
检测到可执行文件：/home/yifan/桌面/CHPS_M1/ppn重启/6-3/Decision-tree/build/DecisionTreeMain
===============================================
    XGBoost Strong Scaling Performance Test    
===============================================
Fixed Parameters:
  Objective: reg:squarederror | Rounds: 30
  Eta: 0.3 | Max Depth: 6
  Min Child Weight: 1 | Lambda: 1.0
  Gamma: 0.0 | Subsample: 1.0
  ColSample: 1.0
  Data: cleaned_data.csv

Threads | Elapsed(ms) | TestMSE    | TrainTime  | Trees/sec | Efficiency
--------|-------------|------------|------------|-----------|----------
