===============================================
XGBoost Weak Scaling Performance Test Log
运行时间: 2025年 06月 04日 星期三 13:58:22 CEST
项目根: /home/yifan/桌面/CHPS_M1/ppn重启/6-4优化/1main分支提取2头文件修改/Decision-tree
===============================================
PROJECT_ROOT=/home/yifan/桌面/CHPS_M1/ppn重启/6-4优化/1main分支提取2头文件修改/Decision-tree
物理核心数 (排除超线程)：4，已设置 OMP_NUM_THREADS=4
总行数 (不含 header): 14795，物理核数: 4，基准行数 BASE=3698
===============================================
    XGBoost Weak Scaling Performance Test     
===============================================
Fixed Parameters (per thread):
  Objective: reg:squarederror | Rounds: 30
  Eta: 0.3 | Max Depth: 6
  Min Child Weight: 1 | Lambda: 1.0
  Gamma: 0.0 | Subsample: 1.0
  ColSample: 1.0
  Base rows per thread: 3698

Threads | SubsetRows | Elapsed(ms) | TestMSE    | TrainTime  | Efficiency
--------|------------|-------------|------------|------------|----------
      1 |       3698 |         198 | 0.000193   | 169ms      | 1.00
      2 |       7396 |         283 | 0.000149   | 241ms      | .69
      4 |      14792 |         540 | 0.000127   | 477ms      | .36

===============================================
XGBoost Weak Scaling Analysis:
- 理想: 随着线程数增加，处理更多数据但时间保持恒定
- 效率 = 单线程时间 / 当前时间
- 关注点: 效率接近1.0表示良好的 weak scaling
- 数据量按线程数线性增长，计算复杂度也线性增长

XGBoost Weak Scaling特性:
- 预排序开销随数据量线性增长
- 梯度计算完美线性扩展
- 内存带宽可能成为瓶颈
- 预期效率: 0.85-0.95（优于传统方法）
===============================================
